2023-10-27 00:14:11.505  INFO 11424 --- [main] p.t.s.p.r.PokemonRepositoryTest          : Starting PokemonRepositoryTest using Java 17.0.8.1 on balrog with PID 11424 (started by kmell in /home/kmell/ideaProjects/km3ll/tsu-spring/pokemon)
2023-10-27 00:14:11.510  INFO 11424 --- [main] p.t.s.p.r.PokemonRepositoryTest          : No active profile set, falling back to 1 default profile: "default"
2023-10-27 00:14:11.817  INFO 11424 --- [main] beddedDataSourceBeanFactoryPostProcessor : Replacing 'dataSource' DataSource bean with embedded version
2023-10-27 00:14:12.000  INFO 11424 --- [main] o.s.j.d.e.EmbeddedDatabaseFactory        : Starting embedded database: url='jdbc:h2:mem:f1149972-ac43-43f9-82ad-f9417604156c;DB_CLOSE_DELAY=-1;DB_CLOSE_ON_EXIT=false', username='sa'
2023-10-27 00:14:12.003 DEBUG 11424 --- [main] o.s.jdbc.datasource.DataSourceUtils      : Fetching JDBC Connection from DataSource
2023-10-27 00:14:12.003 DEBUG 11424 --- [main] o.s.j.datasource.SimpleDriverDataSource  : Creating new JDBC Driver Connection to [jdbc:h2:mem:f1149972-ac43-43f9-82ad-f9417604156c;DB_CLOSE_DELAY=-1;DB_CLOSE_ON_EXIT=false]
2023-10-27 00:14:12.187 DEBUG 11424 --- [main] o.s.jdbc.datasource.DataSourceUtils      : Fetching JDBC Connection from DataSource
2023-10-27 00:14:12.188 DEBUG 11424 --- [main] o.s.j.datasource.SimpleDriverDataSource  : Creating new JDBC Driver Connection to [jdbc:h2:mem:f1149972-ac43-43f9-82ad-f9417604156c;DB_CLOSE_DELAY=-1;DB_CLOSE_ON_EXIT=false]
2023-10-27 00:14:12.197 DEBUG 11424 --- [main] o.s.jdbc.datasource.DataSourceUtils      : Fetching JDBC Connection from DataSource
2023-10-27 00:14:12.197 DEBUG 11424 --- [main] o.s.j.datasource.SimpleDriverDataSource  : Creating new JDBC Driver Connection to [jdbc:h2:mem:f1149972-ac43-43f9-82ad-f9417604156c;DB_CLOSE_DELAY=-1;DB_CLOSE_ON_EXIT=false]
2023-10-27 00:14:12.199 DEBUG 11424 --- [main] o.s.jdbc.datasource.init.ScriptUtils     : Executing SQL script from URL [file:/home/kmell/ideaProjects/km3ll/tsu-spring/pokemon/target/classes/schema.sql]
2023-10-27 00:14:12.208 DEBUG 11424 --- [main] o.s.jdbc.datasource.init.ScriptUtils     : 0 returned as update count for SQL: CREATE TABLE pokemon( id int auto_increment, name varchar(255) NOT NULL, type varchar(255) NOT NULL )
2023-10-27 00:14:12.210 DEBUG 11424 --- [main] o.s.jdbc.datasource.init.ScriptUtils     : 1 returned as update count for SQL: insert into pokemon(name, type) values ('Arbok', 'Poison')
2023-10-27 00:14:12.210 DEBUG 11424 --- [main] o.s.jdbc.datasource.init.ScriptUtils     : 1 returned as update count for SQL: insert into pokemon(name, type) values ('Beedrill', 'Bug')
2023-10-27 00:14:12.211 DEBUG 11424 --- [main] o.s.jdbc.datasource.init.ScriptUtils     : 1 returned as update count for SQL: insert into pokemon(name, type) values ('Cloyster', 'Water')
2023-10-27 00:14:12.211 DEBUG 11424 --- [main] o.s.jdbc.datasource.init.ScriptUtils     : 1 returned as update count for SQL: insert into pokemon(name, type) values ('Ditto', 'Normal')
2023-10-27 00:14:12.212 DEBUG 11424 --- [main] o.s.jdbc.datasource.init.ScriptUtils     : 1 returned as update count for SQL: insert into pokemon(name, type) values ('Exeggutor', 'Grass')
2023-10-27 00:14:12.212 DEBUG 11424 --- [main] o.s.jdbc.datasource.init.ScriptUtils     : 1 returned as update count for SQL: insert into pokemon(name, type) values ('Flareon', 'Fire')
2023-10-27 00:14:12.212 DEBUG 11424 --- [main] o.s.jdbc.datasource.init.ScriptUtils     : Executed SQL script from URL [file:/home/kmell/ideaProjects/km3ll/tsu-spring/pokemon/target/classes/schema.sql] in 13 ms.
2023-10-27 00:14:12.280  INFO 11424 --- [main] p.t.s.p.r.PokemonRepositoryTest          : Started PokemonRepositoryTest in 1.052 seconds (JVM running for 1.583)
2023-10-27 00:14:12.294 ERROR 11424 --- [main] o.s.test.context.TestContextManager      : Caught exception while allowing TestExecutionListener [org.springframework.boot.test.autoconfigure.SpringBootDependencyInjectionTestExecutionListener@609cd4d8] to prepare test instance [pod.tsu.spring.pokemon.repository.PokemonRepositoryTest@152aa092]

org.springframework.beans.factory.UnsatisfiedDependencyException: Error creating bean with name 'pod.tsu.spring.pokemon.repository.PokemonRepositoryTest': Unsatisfied dependency expressed through field 'repository'; nested exception is org.springframework.beans.factory.NoSuchBeanDefinitionException: No qualifying bean of type 'pod.tsu.spring.pokemon.repository.PokemonRepository' available: expected at least 1 bean which qualifies as autowire candidate. Dependency annotations: {@org.springframework.beans.factory.annotation.Autowired(required=true)}
	at org.springframework.beans.factory.annotation.AutowiredAnnotationBeanPostProcessor$AutowiredFieldElement.resolveFieldValue(AutowiredAnnotationBeanPostProcessor.java:659) ~[spring-beans-5.3.23.jar:5.3.23]
	at org.springframework.beans.factory.annotation.AutowiredAnnotationBeanPostProcessor$AutowiredFieldElement.inject(AutowiredAnnotationBeanPostProcessor.java:639) ~[spring-beans-5.3.23.jar:5.3.23]
	at org.springframework.beans.factory.annotation.InjectionMetadata.inject(InjectionMetadata.java:119) ~[spring-beans-5.3.23.jar:5.3.23]
	at org.springframework.beans.factory.annotation.AutowiredAnnotationBeanPostProcessor.postProcessProperties(AutowiredAnnotationBeanPostProcessor.java:399) ~[spring-beans-5.3.23.jar:5.3.23]
	at org.springframework.beans.factory.support.AbstractAutowireCapableBeanFactory.populateBean(AbstractAutowireCapableBeanFactory.java:1431) ~[spring-beans-5.3.23.jar:5.3.23]
	at org.springframework.beans.factory.support.AbstractAutowireCapableBeanFactory.autowireBeanProperties(AbstractAutowireCapableBeanFactory.java:417) ~[spring-beans-5.3.23.jar:5.3.23]
	at org.springframework.test.context.support.DependencyInjectionTestExecutionListener.injectDependencies(DependencyInjectionTestExecutionListener.java:119) ~[spring-test-5.3.23.jar:5.3.23]
	at org.springframework.test.context.support.DependencyInjectionTestExecutionListener.prepareTestInstance(DependencyInjectionTestExecutionListener.java:83) ~[spring-test-5.3.23.jar:5.3.23]
	at org.springframework.boot.test.autoconfigure.SpringBootDependencyInjectionTestExecutionListener.prepareTestInstance(SpringBootDependencyInjectionTestExecutionListener.java:43) ~[spring-boot-test-autoconfigure-2.7.4.jar:2.7.4]
	at org.springframework.test.context.TestContextManager.prepareTestInstance(TestContextManager.java:248) ~[spring-test-5.3.23.jar:5.3.23]
	at org.springframework.test.context.junit4.SpringJUnit4ClassRunner.createTest(SpringJUnit4ClassRunner.java:227) ~[spring-test-5.3.23.jar:5.3.23]
	at org.springframework.test.context.junit4.SpringJUnit4ClassRunner$1.runReflectiveCall(SpringJUnit4ClassRunner.java:289) ~[spring-test-5.3.23.jar:5.3.23]
	at org.junit.internal.runners.model.ReflectiveCallable.run(ReflectiveCallable.java:12) ~[junit-4.13.2.jar:4.13.2]
	at org.springframework.test.context.junit4.SpringJUnit4ClassRunner.methodBlock(SpringJUnit4ClassRunner.java:291) ~[spring-test-5.3.23.jar:5.3.23]
	at org.springframework.test.context.junit4.SpringJUnit4ClassRunner.runChild(SpringJUnit4ClassRunner.java:246) ~[spring-test-5.3.23.jar:5.3.23]
	at org.springframework.test.context.junit4.SpringJUnit4ClassRunner.runChild(SpringJUnit4ClassRunner.java:97) ~[spring-test-5.3.23.jar:5.3.23]
	at org.junit.runners.ParentRunner$4.run(ParentRunner.java:331) ~[junit-4.13.2.jar:4.13.2]
	at org.junit.runners.ParentRunner$1.schedule(ParentRunner.java:79) ~[junit-4.13.2.jar:4.13.2]
	at org.junit.runners.ParentRunner.runChildren(ParentRunner.java:329) ~[junit-4.13.2.jar:4.13.2]
	at org.junit.runners.ParentRunner.access$100(ParentRunner.java:66) ~[junit-4.13.2.jar:4.13.2]
	at org.junit.runners.ParentRunner$2.evaluate(ParentRunner.java:293) ~[junit-4.13.2.jar:4.13.2]
	at org.springframework.test.context.junit4.statements.RunBeforeTestClassCallbacks.evaluate(RunBeforeTestClassCallbacks.java:61) ~[spring-test-5.3.23.jar:5.3.23]
	at org.springframework.test.context.junit4.statements.RunAfterTestClassCallbacks.evaluate(RunAfterTestClassCallbacks.java:70) ~[spring-test-5.3.23.jar:5.3.23]
	at org.junit.runners.ParentRunner$3.evaluate(ParentRunner.java:306) ~[junit-4.13.2.jar:4.13.2]
	at org.junit.runners.ParentRunner.run(ParentRunner.java:413) ~[junit-4.13.2.jar:4.13.2]
	at org.springframework.test.context.junit4.SpringJUnit4ClassRunner.run(SpringJUnit4ClassRunner.java:190) ~[spring-test-5.3.23.jar:5.3.23]
	at org.junit.runner.JUnitCore.run(JUnitCore.java:137) ~[junit-4.13.2.jar:4.13.2]
	at com.intellij.junit4.JUnit4IdeaTestRunner.startRunnerWithArgs(JUnit4IdeaTestRunner.java:69) ~[junit-rt.jar:na]
	at com.intellij.rt.junit.IdeaTestRunner$Repeater$1.execute(IdeaTestRunner.java:38) ~[junit-rt.jar:na]
	at com.intellij.rt.execution.junit.TestsRepeater.repeat(TestsRepeater.java:11) ~[idea_rt.jar:na]
	at com.intellij.rt.junit.IdeaTestRunner$Repeater.startRunnerWithArgs(IdeaTestRunner.java:35) ~[junit-rt.jar:na]
	at com.intellij.rt.junit.JUnitStarter.prepareStreamsAndStart(JUnitStarter.java:232) ~[junit-rt.jar:na]
	at com.intellij.rt.junit.JUnitStarter.main(JUnitStarter.java:55) ~[junit-rt.jar:na]
Caused by: org.springframework.beans.factory.NoSuchBeanDefinitionException: No qualifying bean of type 'pod.tsu.spring.pokemon.repository.PokemonRepository' available: expected at least 1 bean which qualifies as autowire candidate. Dependency annotations: {@org.springframework.beans.factory.annotation.Autowired(required=true)}
	at org.springframework.beans.factory.support.DefaultListableBeanFactory.raiseNoMatchingBeanFound(DefaultListableBeanFactory.java:1801) ~[spring-beans-5.3.23.jar:5.3.23]
	at org.springframework.beans.factory.support.DefaultListableBeanFactory.doResolveDependency(DefaultListableBeanFactory.java:1357) ~[spring-beans-5.3.23.jar:5.3.23]
	at org.springframework.beans.factory.support.DefaultListableBeanFactory.resolveDependency(DefaultListableBeanFactory.java:1311) ~[spring-beans-5.3.23.jar:5.3.23]
	at org.springframework.beans.factory.annotation.AutowiredAnnotationBeanPostProcessor$AutowiredFieldElement.resolveFieldValue(AutowiredAnnotationBeanPostProcessor.java:656) ~[spring-beans-5.3.23.jar:5.3.23]
	... 32 common frames omitted

2023-10-27 00:14:58.505  INFO 11567 --- [main] p.t.s.p.r.PokemonRepositoryTest          : Starting PokemonRepositoryTest using Java 17.0.8.1 on balrog with PID 11567 (started by kmell in /home/kmell/ideaProjects/km3ll/tsu-spring/pokemon)
2023-10-27 00:14:58.507  INFO 11567 --- [main] p.t.s.p.r.PokemonRepositoryTest          : No active profile set, falling back to 1 default profile: "default"
2023-10-27 00:14:58.786  INFO 11567 --- [main] beddedDataSourceBeanFactoryPostProcessor : Replacing 'dataSource' DataSource bean with embedded version
2023-10-27 00:14:58.956  INFO 11567 --- [main] o.s.j.d.e.EmbeddedDatabaseFactory        : Starting embedded database: url='jdbc:h2:mem:3f5a3fb2-712f-4402-977a-9589c1c214ad;DB_CLOSE_DELAY=-1;DB_CLOSE_ON_EXIT=false', username='sa'
2023-10-27 00:14:58.958 DEBUG 11567 --- [main] o.s.jdbc.datasource.DataSourceUtils      : Fetching JDBC Connection from DataSource
2023-10-27 00:14:58.959 DEBUG 11567 --- [main] o.s.j.datasource.SimpleDriverDataSource  : Creating new JDBC Driver Connection to [jdbc:h2:mem:3f5a3fb2-712f-4402-977a-9589c1c214ad;DB_CLOSE_DELAY=-1;DB_CLOSE_ON_EXIT=false]
2023-10-27 00:14:59.114 DEBUG 11567 --- [main] o.s.jdbc.datasource.DataSourceUtils      : Fetching JDBC Connection from DataSource
2023-10-27 00:14:59.115 DEBUG 11567 --- [main] o.s.j.datasource.SimpleDriverDataSource  : Creating new JDBC Driver Connection to [jdbc:h2:mem:3f5a3fb2-712f-4402-977a-9589c1c214ad;DB_CLOSE_DELAY=-1;DB_CLOSE_ON_EXIT=false]
2023-10-27 00:14:59.125 DEBUG 11567 --- [main] o.s.jdbc.datasource.DataSourceUtils      : Fetching JDBC Connection from DataSource
2023-10-27 00:14:59.125 DEBUG 11567 --- [main] o.s.j.datasource.SimpleDriverDataSource  : Creating new JDBC Driver Connection to [jdbc:h2:mem:3f5a3fb2-712f-4402-977a-9589c1c214ad;DB_CLOSE_DELAY=-1;DB_CLOSE_ON_EXIT=false]
2023-10-27 00:14:59.126 DEBUG 11567 --- [main] o.s.jdbc.datasource.init.ScriptUtils     : Executing SQL script from URL [file:/home/kmell/ideaProjects/km3ll/tsu-spring/pokemon/target/classes/schema.sql]
2023-10-27 00:14:59.136 DEBUG 11567 --- [main] o.s.jdbc.datasource.init.ScriptUtils     : 0 returned as update count for SQL: CREATE TABLE pokemon( id int auto_increment, name varchar(255) NOT NULL, type varchar(255) NOT NULL )
2023-10-27 00:14:59.138 DEBUG 11567 --- [main] o.s.jdbc.datasource.init.ScriptUtils     : 1 returned as update count for SQL: insert into pokemon(name, type) values ('Arbok', 'Poison')
2023-10-27 00:14:59.139 DEBUG 11567 --- [main] o.s.jdbc.datasource.init.ScriptUtils     : 1 returned as update count for SQL: insert into pokemon(name, type) values ('Beedrill', 'Bug')
2023-10-27 00:14:59.140 DEBUG 11567 --- [main] o.s.jdbc.datasource.init.ScriptUtils     : 1 returned as update count for SQL: insert into pokemon(name, type) values ('Cloyster', 'Water')
2023-10-27 00:14:59.140 DEBUG 11567 --- [main] o.s.jdbc.datasource.init.ScriptUtils     : 1 returned as update count for SQL: insert into pokemon(name, type) values ('Ditto', 'Normal')
2023-10-27 00:14:59.141 DEBUG 11567 --- [main] o.s.jdbc.datasource.init.ScriptUtils     : 1 returned as update count for SQL: insert into pokemon(name, type) values ('Exeggutor', 'Grass')
2023-10-27 00:14:59.141 DEBUG 11567 --- [main] o.s.jdbc.datasource.init.ScriptUtils     : 1 returned as update count for SQL: insert into pokemon(name, type) values ('Flareon', 'Fire')
2023-10-27 00:14:59.141 DEBUG 11567 --- [main] o.s.jdbc.datasource.init.ScriptUtils     : Executed SQL script from URL [file:/home/kmell/ideaProjects/km3ll/tsu-spring/pokemon/target/classes/schema.sql] in 14 ms.
2023-10-27 00:14:59.233  INFO 11567 --- [main] p.t.s.p.r.PokemonRepositoryTest          : Started PokemonRepositoryTest in 1.046 seconds (JVM running for 1.59)
2023-10-27 00:14:59.248 ERROR 11567 --- [main] o.s.test.context.TestContextManager      : Caught exception while allowing TestExecutionListener [org.springframework.boot.test.autoconfigure.SpringBootDependencyInjectionTestExecutionListener@609cd4d8] to prepare test instance [pod.tsu.spring.pokemon.repository.PokemonRepositoryTest@152aa092]

org.springframework.beans.factory.UnsatisfiedDependencyException: Error creating bean with name 'pod.tsu.spring.pokemon.repository.PokemonRepositoryTest': Unsatisfied dependency expressed through field 'repository'; nested exception is org.springframework.beans.factory.NoSuchBeanDefinitionException: No qualifying bean of type 'pod.tsu.spring.pokemon.repository.PokemonRepository' available: expected at least 1 bean which qualifies as autowire candidate. Dependency annotations: {@org.springframework.beans.factory.annotation.Autowired(required=true)}
	at org.springframework.beans.factory.annotation.AutowiredAnnotationBeanPostProcessor$AutowiredFieldElement.resolveFieldValue(AutowiredAnnotationBeanPostProcessor.java:659) ~[spring-beans-5.3.23.jar:5.3.23]
	at org.springframework.beans.factory.annotation.AutowiredAnnotationBeanPostProcessor$AutowiredFieldElement.inject(AutowiredAnnotationBeanPostProcessor.java:639) ~[spring-beans-5.3.23.jar:5.3.23]
	at org.springframework.beans.factory.annotation.InjectionMetadata.inject(InjectionMetadata.java:119) ~[spring-beans-5.3.23.jar:5.3.23]
	at org.springframework.beans.factory.annotation.AutowiredAnnotationBeanPostProcessor.postProcessProperties(AutowiredAnnotationBeanPostProcessor.java:399) ~[spring-beans-5.3.23.jar:5.3.23]
	at org.springframework.beans.factory.support.AbstractAutowireCapableBeanFactory.populateBean(AbstractAutowireCapableBeanFactory.java:1431) ~[spring-beans-5.3.23.jar:5.3.23]
	at org.springframework.beans.factory.support.AbstractAutowireCapableBeanFactory.autowireBeanProperties(AbstractAutowireCapableBeanFactory.java:417) ~[spring-beans-5.3.23.jar:5.3.23]
	at org.springframework.test.context.support.DependencyInjectionTestExecutionListener.injectDependencies(DependencyInjectionTestExecutionListener.java:119) ~[spring-test-5.3.23.jar:5.3.23]
	at org.springframework.test.context.support.DependencyInjectionTestExecutionListener.prepareTestInstance(DependencyInjectionTestExecutionListener.java:83) ~[spring-test-5.3.23.jar:5.3.23]
	at org.springframework.boot.test.autoconfigure.SpringBootDependencyInjectionTestExecutionListener.prepareTestInstance(SpringBootDependencyInjectionTestExecutionListener.java:43) ~[spring-boot-test-autoconfigure-2.7.4.jar:2.7.4]
	at org.springframework.test.context.TestContextManager.prepareTestInstance(TestContextManager.java:248) ~[spring-test-5.3.23.jar:5.3.23]
	at org.springframework.test.context.junit4.SpringJUnit4ClassRunner.createTest(SpringJUnit4ClassRunner.java:227) ~[spring-test-5.3.23.jar:5.3.23]
	at org.springframework.test.context.junit4.SpringJUnit4ClassRunner$1.runReflectiveCall(SpringJUnit4ClassRunner.java:289) ~[spring-test-5.3.23.jar:5.3.23]
	at org.junit.internal.runners.model.ReflectiveCallable.run(ReflectiveCallable.java:12) ~[junit-4.13.2.jar:4.13.2]
	at org.springframework.test.context.junit4.SpringJUnit4ClassRunner.methodBlock(SpringJUnit4ClassRunner.java:291) ~[spring-test-5.3.23.jar:5.3.23]
	at org.springframework.test.context.junit4.SpringJUnit4ClassRunner.runChild(SpringJUnit4ClassRunner.java:246) ~[spring-test-5.3.23.jar:5.3.23]
	at org.springframework.test.context.junit4.SpringJUnit4ClassRunner.runChild(SpringJUnit4ClassRunner.java:97) ~[spring-test-5.3.23.jar:5.3.23]
	at org.junit.runners.ParentRunner$4.run(ParentRunner.java:331) ~[junit-4.13.2.jar:4.13.2]
	at org.junit.runners.ParentRunner$1.schedule(ParentRunner.java:79) ~[junit-4.13.2.jar:4.13.2]
	at org.junit.runners.ParentRunner.runChildren(ParentRunner.java:329) ~[junit-4.13.2.jar:4.13.2]
	at org.junit.runners.ParentRunner.access$100(ParentRunner.java:66) ~[junit-4.13.2.jar:4.13.2]
	at org.junit.runners.ParentRunner$2.evaluate(ParentRunner.java:293) ~[junit-4.13.2.jar:4.13.2]
	at org.springframework.test.context.junit4.statements.RunBeforeTestClassCallbacks.evaluate(RunBeforeTestClassCallbacks.java:61) ~[spring-test-5.3.23.jar:5.3.23]
	at org.springframework.test.context.junit4.statements.RunAfterTestClassCallbacks.evaluate(RunAfterTestClassCallbacks.java:70) ~[spring-test-5.3.23.jar:5.3.23]
	at org.junit.runners.ParentRunner$3.evaluate(ParentRunner.java:306) ~[junit-4.13.2.jar:4.13.2]
	at org.junit.runners.ParentRunner.run(ParentRunner.java:413) ~[junit-4.13.2.jar:4.13.2]
	at org.springframework.test.context.junit4.SpringJUnit4ClassRunner.run(SpringJUnit4ClassRunner.java:190) ~[spring-test-5.3.23.jar:5.3.23]
	at org.junit.runner.JUnitCore.run(JUnitCore.java:137) ~[junit-4.13.2.jar:4.13.2]
	at com.intellij.junit4.JUnit4IdeaTestRunner.startRunnerWithArgs(JUnit4IdeaTestRunner.java:69) ~[junit-rt.jar:na]
	at com.intellij.rt.junit.IdeaTestRunner$Repeater$1.execute(IdeaTestRunner.java:38) ~[junit-rt.jar:na]
	at com.intellij.rt.execution.junit.TestsRepeater.repeat(TestsRepeater.java:11) ~[idea_rt.jar:na]
	at com.intellij.rt.junit.IdeaTestRunner$Repeater.startRunnerWithArgs(IdeaTestRunner.java:35) ~[junit-rt.jar:na]
	at com.intellij.rt.junit.JUnitStarter.prepareStreamsAndStart(JUnitStarter.java:232) ~[junit-rt.jar:na]
	at com.intellij.rt.junit.JUnitStarter.main(JUnitStarter.java:55) ~[junit-rt.jar:na]
Caused by: org.springframework.beans.factory.NoSuchBeanDefinitionException: No qualifying bean of type 'pod.tsu.spring.pokemon.repository.PokemonRepository' available: expected at least 1 bean which qualifies as autowire candidate. Dependency annotations: {@org.springframework.beans.factory.annotation.Autowired(required=true)}
	at org.springframework.beans.factory.support.DefaultListableBeanFactory.raiseNoMatchingBeanFound(DefaultListableBeanFactory.java:1801) ~[spring-beans-5.3.23.jar:5.3.23]
	at org.springframework.beans.factory.support.DefaultListableBeanFactory.doResolveDependency(DefaultListableBeanFactory.java:1357) ~[spring-beans-5.3.23.jar:5.3.23]
	at org.springframework.beans.factory.support.DefaultListableBeanFactory.resolveDependency(DefaultListableBeanFactory.java:1311) ~[spring-beans-5.3.23.jar:5.3.23]
	at org.springframework.beans.factory.annotation.AutowiredAnnotationBeanPostProcessor$AutowiredFieldElement.resolveFieldValue(AutowiredAnnotationBeanPostProcessor.java:656) ~[spring-beans-5.3.23.jar:5.3.23]
	... 32 common frames omitted

